2012/02/15 19:38:49 [error] [exception.CHttpException.404] exception 'CHttpException' with message 'Unable to resolve the request "gii".' in /Applications/XAMPP/xamppfiles/htdocs/framework/web/CWebApplication.php:281
Stack trace:
#0 /Applications/XAMPP/xamppfiles/htdocs/framework/web/CWebApplication.php(136): CWebApplication->runController('gii')
#1 /Applications/XAMPP/xamppfiles/htdocs/framework/base/CApplication.php(158): CWebApplication->processRequest()
#2 /Applications/XAMPP/xamppfiles/htdocs/diplomados/index.php(13): CApplication->run()
#3 {main} REQUEST_URI=/diplomados/index.php?r=gii
2012/02/15 19:40:04 [error] [exception.CHttpException.404] exception 'CHttpException' with message 'Unable to resolve the request "gii".' in /Applications/XAMPP/xamppfiles/htdocs/framework/web/CWebApplication.php:281
Stack trace:
#0 /Applications/XAMPP/xamppfiles/htdocs/framework/web/CWebApplication.php(136): CWebApplication->runController('gii')
#1 /Applications/XAMPP/xamppfiles/htdocs/framework/base/CApplication.php(158): CWebApplication->processRequest()
#2 /Applications/XAMPP/xamppfiles/htdocs/diplomados/index.php(13): CApplication->run()
#3 {main} REQUEST_URI=/diplomados/index.php?r=gii
2012/02/15 19:44:26 [error] [exception.CHttpException.404] exception 'CHttpException' with message 'Unable to resolve the request "gii".' in /Applications/XAMPP/xamppfiles/htdocs/framework/web/CWebApplication.php:281
Stack trace:
#0 /Applications/XAMPP/xamppfiles/htdocs/framework/web/CWebApplication.php(136): CWebApplication->runController('gii')
#1 /Applications/XAMPP/xamppfiles/htdocs/framework/base/CApplication.php(158): CWebApplication->processRequest()
#2 /Applications/XAMPP/xamppfiles/htdocs/diplomados/index.php(13): CApplication->run()
#3 {main} REQUEST_URI=/diplomados/index.php?r=gii
2012/02/15 19:48:44 [error] [exception.CDbException] exception 'CDbException' with message 'CDbConnection failed to open the DB connection: SQLSTATE[HY000] [2005] Unknown MySQL server host '192.168.5.' (1)' in /Applications/XAMPP/xamppfiles/htdocs/framework/db/CDbConnection.php:364
Stack trace:
#0 /Applications/XAMPP/xamppfiles/htdocs/framework/db/CDbConnection.php(313): CDbConnection->open()
#1 /Applications/XAMPP/xamppfiles/htdocs/framework/db/CDbConnection.php(291): CDbConnection->setActive(true)
#2 /Applications/XAMPP/xamppfiles/htdocs/framework/base/CModule.php(372): CDbConnection->init()
#3 /Applications/XAMPP/xamppfiles/htdocs/framework/base/CModule.php(86): CModule->getComponent('db')
#4 /Applications/XAMPP/xamppfiles/htdocs/framework/gii/generators/model/ModelCode.php(54): CModule->__get('db')
#5 /Applications/XAMPP/xamppfiles/htdocs/framework/web/CFormModel.php(40): ModelCode->init()
#6 /Applications/XAMPP/xamppfiles/htdocs/framework/gii/CCodeGenerator.php(149): CFormModel->__construct()
#7 /Applications/XAMPP/xamppfiles/htdocs/framework/gii/CCodeGenerator.php(61): CCodeGenerator->prepare()
#8 /Applications/XAMPP/xamppfiles/htdocs/framework/web/actions/CInlineAction.php(50): CCodeGenerator->actionIndex()
#9 /Applications/XAMPP/xamppfiles/htdocs/framework/web/CController.php(300): CInlineAction->runWithParams(Array)
#10 /Applications/XAMPP/xamppfiles/htdocs/framework/web/CController.php(278): CController->runAction(Object(CInlineAction))
#11 /Applications/XAMPP/xamppfiles/htdocs/framework/web/CController.php(257): CController->runActionWithFilters(Object(CInlineAction), Array)
#12 /Applications/XAMPP/xamppfiles/htdocs/framework/web/CWebApplication.php(277): CController->run('')
#13 /Applications/XAMPP/xamppfiles/htdocs/framework/web/CWebApplication.php(136): CWebApplication->runController('gii/model')
#14 /Applications/XAMPP/xamppfiles/htdocs/framework/base/CApplication.php(158): CWebApplication->processRequest()
#15 /Applications/XAMPP/xamppfiles/htdocs/diplomados/index.php(13): CApplication->run()
#16 {main} REQUEST_URI=/diplomados/index.php?r=gii/model
2012/02/16 17:10:33 [error] [exception.CHttpException.404] exception 'CHttpException' with message 'Unable to resolve the request "persona/admin".' in /Applications/XAMPP/xamppfiles/htdocs/framework/web/CWebApplication.php:280
Stack trace:
#0 /Applications/XAMPP/xamppfiles/htdocs/framework/web/CWebApplication.php(135): CWebApplication->runController('persona/admin')
#1 /Applications/XAMPP/xamppfiles/htdocs/framework/base/CApplication.php(162): CWebApplication->processRequest()
#2 /Applications/XAMPP/xamppfiles/htdocs/diplomados/index.php(13): CApplication->run()
#3 {main}
REQUEST_URI=/diplomados/index.php?r=persona/admin
---
